

Started GET "/" for 67.211.122.2 at 2013-11-19 16:58:22 +0000
Processing by Rails::WelcomeController#index as HTML
  Rendered /home/action/.rvm/gems/ruby-2.0.0-p195/gems/railties-4.0.0/lib/rails/templates/rails/welcome/index.html.erb (2.2ms)
Completed 200 OK in 31ms (Views: 9.5ms | ActiveRecord: 0.0ms)


Started GET "/rails/info/properties" for 67.211.122.2 at 2013-11-19 16:58:25 +0000
Processing by Rails::InfoController#properties as */*
  Rendered /home/action/.rvm/gems/ruby-2.0.0-p195/gems/railties-4.0.0/lib/rails/templates/rails/info/properties.html.erb (0.7ms)
Completed 200 OK in 19ms (Views: 10.9ms | ActiveRecord: 1.6ms)


Started GET "/" for 67.211.122.2 at 2014-01-24 20:29:26 +0000
Processing by Rails::WelcomeController#index as HTML
  Rendered /home/action/.rvm/gems/ruby-2.0.0-p195/gems/railties-4.0.0/lib/rails/templates/rails/welcome/index.html.erb (2.8ms)
Completed 200 OK in 102ms (Views: 80.5ms | ActiveRecord: 0.0ms)


Started GET "/" for 216.165.199.8 at 2014-01-26 02:57:21 +0000
Processing by Rails::WelcomeController#index as HTML
  Rendered /home/action/.rvm/gems/ruby-2.0.0-p195/gems/railties-4.0.0/lib/rails/templates/rails/welcome/index.html.erb (2.0ms)
Completed 200 OK in 30ms (Views: 9.0ms | ActiveRecord: 0.0ms)


Started GET "/" for 216.165.199.8 at 2014-01-26 03:06:47 +0000
Processing by Rails::WelcomeController#index as HTML
  Rendered /home/action/.rvm/gems/ruby-2.0.0-p195/gems/railties-4.0.0/lib/rails/templates/rails/welcome/index.html.erb (1.9ms)
Completed 200 OK in 30ms (Views: 8.8ms | ActiveRecord: 0.0ms)
